<?xml version="1.0" encoding="UTF-8" ?>
<testsuite errors="0" failures="0" hostname="sai" name="com.test.automation.JenkinsDemo.GmailAutomation" tests="1" time="22.002" timestamp="2014-11-24T06:21:05">
  <properties>
    <property name="java.vendor" value="Sun Microsystems Inc." />
    <property name="env.MOZ_PLUGIN_PATH" value="C:\PROGRAM FILES (X86)\FOXIT SOFTWARE\FOXIT READER\plugins\" />
    <property name="env.USERDOMAIN_ROAMINGPROFILE" value="sai" />
    <property name="sun.java.launcher" value="SUN_STANDARD" />
    <property name="eclipse.pdebuild.templates" value="/D:/softwares/Testing/eclipse-jee-kepler-SR1-win32-x86_64 (1)/eclipse/plugins/org.eclipse.pde.build_3.8.100.v20130514-1028/templates/" />
    <property name="sun.management.compiler" value="HotSpot Client Compiler" />
    <property name="env.PROMPT" value="$P$G" />
    <property name="os.name" value="Windows NT (unknown)" />
    <property name="env.FP_NO_HOST_CHECK" value="NO" />
    <property name="sun.boot.class.path" value="C:\Program Files (x86)\Java\jre6\lib\resources.jar;C:\Program Files (x86)\Java\jre6\lib\rt.jar;C:\Program Files (x86)\Java\jre6\lib\sunrsasign.jar;C:\Program Files (x86)\Java\jre6\lib\jsse.jar;C:\Program Files (x86)\Java\jre6\lib\jce.jar;C:\Program Files (x86)\Java\jre6\lib\charsets.jar;C:\Program Files (x86)\Java\jre6\classes" />
    <property name="env.COMPUTERNAME" value="SAI" />
    <property name="env.CommonProgramW6432" value="C:\Program Files\Common Files" />
    <property name="env.ALLUSERSPROFILE" value="C:\ProgramData" />
    <property name="sun.desktop" value="windows" />
    <property name="java.vm.specification.vendor" value="Sun Microsystems Inc." />
    <property name="ant.home" value="D:\softwares\Testing\eclipse-jee-kepler-SR1-win32-x86_64 (1)\eclipse\plugins\org.apache.ant_1.8.4.v201303080030" />
    <property name="java.runtime.version" value="1.6.0_21-b06" />
    <property name="env.HOMEPATH" value="\Users\Administrator" />
    <property name="user.name" value="Administrator" />
    <property name="user.language" value="en" />
    <property name="sun.boot.library.path" value="C:\Program Files (x86)\Java\jre6\bin" />
    <property name="ant.project.default-target" value="build" />
    <property name="ant.project.name" value="JenkinsDemo" />
    <property name="java.version" value="1.6.0_21" />
    <property name="env.PROCESSOR_IDENTIFIER" value="Intel64 Family 6 Model 23 Stepping 10, GenuineIntel" />
    <property name="user.timezone" value="" />
    <property name="env.TEMP" value="C:\Users\ADMINI~1\AppData\Local\Temp" />
    <property name="sun.arch.data.model" value="32" />
    <property name="java.endorsed.dirs" value="C:\Program Files (x86)\Java\jre6\lib\endorsed" />
    <property name="env.PROCESSOR_ARCHITEW6432" value="AMD64" />
    <property name="sun.cpu.isalist" value="pentium_pro+mmx pentium_pro pentium+mmx pentium i486 i386 i86" />
    <property name="env.HOMEDRIVE" value="C:" />
    <property name="sun.jnu.encoding" value="Cp1252" />
    <property name="file.encoding.pkg" value="sun.io" />
    <property name="env.VS110COMNTOOLS" value="C:\Program Files (x86)\Microsoft Visual Studio 11.0\Common7\Tools\" />
    <property name="ECLIPSE_HOME" value="D:/softwares/Testing/eclipse-jee-kepler-SR1-win32-x86_64 (1)/eclipse" />
    <property name="file.separator" value="\" />
    <property name="java.specification.name" value="Java Platform API Specification" />
    <property name="java.class.version" value="50.0" />
    <property name="user.country" value="US" />
    <property name="java.home" value="C:\Program Files (x86)\Java\jre6" />
    <property name="env.PSModulePath" value="C:\Windows\system32\WindowsPowerShell\v1.0\Modules\" />
    <property name="env.APPDATA" value="C:\Users\Administrator\AppData\Roaming" />
    <property name="env.PUBLIC" value="C:\Users\Public" />
    <property name="java.vm.info" value="mixed mode" />
    <property name="env.ComSpec" value="C:\Windows\system32\cmd.exe" />
    <property name="env.OS" value="Windows_NT" />
    <property name="env.CommonProgramFiles" value="C:\Program Files (x86)\Common Files" />
    <property name="ant.file" value="C:\Users\Administrator\workspace\Nov2014\JenkinsDemo\build.xml" />
    <property name="os.version" value="6.2" />
    <property name="env.ProgramW6432" value="C:\Program Files" />
    <property name="env.%SIKULI_HOME%" value="C:\sikuli" />
    <property name="env.SCITE_USERHOME" value="C:\Users\Administrator\AppData\Local\AutoIt v3\SciTE" />
    <property name="path.separator" value=";" />
    <property name="java.vm.version" value="17.0-b16" />
    <property name="user.variant" value="" />
    <property name="env.USERPROFILE" value="C:\Users\Administrator" />
    <property name="ant.library.dir" value="D:\softwares\Testing\eclipse-jee-kepler-SR1-win32-x86_64 (1)\eclipse\plugins\org.apache.ant_1.8.4.v201303080030\lib" />
    <property name="junit.output.dir" value="junit" />
    <property name="env.JAVA_HOME" value="C:\Program Files\Java\jdk1.8.0_05" />
    <property name="java.awt.printerjob" value="sun.awt.windows.WPrinterJob" />
    <property name="env.TMP" value="C:\Users\ADMINI~1\AppData\Local\Temp" />
    <property name="sun.io.unicode.encoding" value="UnicodeLittle" />
    <property name="awt.toolkit" value="sun.awt.windows.WToolkit" />
    <property name="eclipse.pdebuild.scripts" value="/D:/softwares/Testing/eclipse-jee-kepler-SR1-win32-x86_64 (1)/eclipse/plugins/org.eclipse.pde.build_3.8.100.v20130514-1028/scripts/" />
    <property name="user.home" value="C:\Users\Administrator" />
    <property name="target" value="1.6" />
    <property name="env.ProgramData" value="C:\ProgramData" />
    <property name="env.SESSIONNAME" value="Console" />
    <property name="env.ProgramFiles(x86)" value="C:\Program Files (x86)" />
    <property name="java.specification.vendor" value="Sun Microsystems Inc." />
    <property name="java.vendor.url" value="http://java.sun.com/" />
    <property name="env.SSH" value="C:\Program Files (x86)\Git\bin;" />
    <property name="java.library.path" value="C:\Program Files (x86)\Java\jre6\bin;.;C:\Windows\Sun\Java\bin;C:\Windows\system32;C:\Windows;C:\Perl64\site\bin;C:\Perl64\bin;C:\Windows\system32;C:\Windows;C:\Windows\System32\Wbem;C:\Windows\System32\WindowsPowerShell\v1.0\;C:\Program Files (x86)\Microsoft ASP.NET\ASP.NET Web Pages\v1.0\;C:\Program Files (x86)\Windows Kits\8.0\Windows Performance Toolkit\;C:\Program Files\Microsoft SQL Server\110\Tools\Binn\;C:\Program Files (x86)\VisualSVN Server\bin;C:\Program Files\TortoiseSVN\bin;C:\ANT\bin;C:\Program Files\Microsoft\Web Platform Installer\;C:\cygwin64\bin;C:\cygwin64;C:\Program Files\Java\jdk1.8.0_05\bin;C:\Program Files (x86)\nodejs\;C:\Program Files (x86)\Sikuli X\libs;C:\Program Files (x86)\Java\jre6\\bin;C:\Users\Administrator\AppData\Roaming\npm" />
    <property name="env.NUMBER_OF_PROCESSORS" value="2" />
    <property name="java.vm.vendor" value="Sun Microsystems Inc." />
    <property name="env.SIKULI_HOME" value="C:\Program Files (x86)\Sikuli X\" />
    <property name="java.runtime.name" value="Java(TM) SE Runtime Environment" />
    <property name="ant.version" value="Apache Ant(TM) version 1.8.4 compiled on May 22 2012" />
    <property name="java.class.path" value="C:\Users\Administrator\workspace\Nov2014\JenkinsDemo\bin;D:\softwares\Testing\selenium\selenium-java-2.44.0\selenium-2.44.0\selenium-java-2.44.0.jar;D:\softwares\Testing\selenium\selenium-java-2.44.0\selenium-2.44.0\selenium-java-2.44.0-srcs.jar;D:\softwares\Testing\selenium\selenium-java-2.44.0\selenium-2.44.0\libs\apache-mime4j-0.6.jar;D:\softwares\Testing\selenium\selenium-java-2.44.0\selenium-2.44.0\libs\bsh-1.3.0.jar;D:\softwares\Testing\selenium\selenium-java-2.44.0\selenium-2.44.0\libs\cglib-nodep-2.1_3.jar;D:\softwares\Testing\selenium\selenium-java-2.44.0\selenium-2.44.0\libs\commons-codec-1.9.jar;D:\softwares\Testing\selenium\selenium-java-2.44.0\selenium-2.44.0\libs\commons-collections-3.2.1.jar;D:\softwares\Testing\selenium\selenium-java-2.44.0\selenium-2.44.0\libs\commons-exec-1.1.jar;D:\softwares\Testing\selenium\selenium-java-2.44.0\selenium-2.44.0\libs\commons-io-2.4.jar;D:\softwares\Testing\selenium\selenium-java-2.44.0\selenium-2.44.0\libs\commons-jxpath-1.3.jar;D:\softwares\Testing\selenium\selenium-java-2.44.0\selenium-2.44.0\libs\commons-lang3-3.3.2.jar;D:\softwares\Testing\selenium\selenium-java-2.44.0\selenium-2.44.0\libs\commons-logging-1.1.3.jar;D:\softwares\Testing\selenium\selenium-java-2.44.0\selenium-2.44.0\libs\cssparser-0.9.14.jar;D:\softwares\Testing\selenium\selenium-java-2.44.0\selenium-2.44.0\libs\gson-2.3.jar;D:\softwares\Testing\selenium\selenium-java-2.44.0\selenium-2.44.0\libs\guava-18.0.jar;D:\softwares\Testing\selenium\selenium-java-2.44.0\selenium-2.44.0\libs\hamcrest-core-1.3.jar;D:\softwares\Testing\selenium\selenium-java-2.44.0\selenium-2.44.0\libs\hamcrest-library-1.3.jar;D:\softwares\Testing\selenium\selenium-java-2.44.0\selenium-2.44.0\libs\htmlunit-2.15.jar;D:\softwares\Testing\selenium\selenium-java-2.44.0\selenium-2.44.0\libs\htmlunit-core-js-2.15.jar;D:\softwares\Testing\selenium\selenium-java-2.44.0\selenium-2.44.0\libs\httpclient-4.3.4.jar;D:\softwares\Testing\selenium\selenium-java-2.44.0\selenium-2.44.0\libs\httpcore-4.3.2.jar;D:\softwares\Testing\selenium\selenium-java-2.44.0\selenium-2.44.0\libs\httpmime-4.3.4.jar;D:\softwares\Testing\selenium\selenium-java-2.44.0\selenium-2.44.0\libs\ini4j-0.5.2.jar;D:\softwares\Testing\selenium\selenium-java-2.44.0\selenium-2.44.0\libs\jcommander-1.29.jar;D:\softwares\Testing\selenium\selenium-java-2.44.0\selenium-2.44.0\libs\jetty-websocket-8.1.8.jar;D:\softwares\Testing\selenium\selenium-java-2.44.0\selenium-2.44.0\libs\jna-3.4.0.jar;D:\softwares\Testing\selenium\selenium-java-2.44.0\selenium-2.44.0\libs\jna-platform-3.4.0.jar;D:\softwares\Testing\selenium\selenium-java-2.44.0\selenium-2.44.0\libs\junit-dep-4.11.jar;D:\softwares\Testing\selenium\selenium-java-2.44.0\selenium-2.44.0\libs\nekohtml-1.9.21.jar;D:\softwares\Testing\selenium\selenium-java-2.44.0\selenium-2.44.0\libs\netty-3.5.7.Final.jar;D:\softwares\Testing\selenium\selenium-java-2.44.0\selenium-2.44.0\libs\operadriver-1.5.jar;D:\softwares\Testing\selenium\selenium-java-2.44.0\selenium-2.44.0\libs\phantomjsdriver-1.1.0.jar;D:\softwares\Testing\selenium\selenium-java-2.44.0\selenium-2.44.0\libs\protobuf-java-2.4.1.jar;D:\softwares\Testing\selenium\selenium-java-2.44.0\selenium-2.44.0\libs\sac-1.3.jar;D:\softwares\Testing\selenium\selenium-java-2.44.0\selenium-2.44.0\libs\serializer-2.7.1.jar;D:\softwares\Testing\selenium\selenium-java-2.44.0\selenium-2.44.0\libs\testng-6.8.5.jar;D:\softwares\Testing\selenium\selenium-java-2.44.0\selenium-2.44.0\libs\xalan-2.7.1.jar;D:\softwares\Testing\selenium\selenium-java-2.44.0\selenium-2.44.0\libs\xercesImpl-2.11.0.jar;D:\softwares\Testing\selenium\selenium-java-2.44.0\selenium-2.44.0\libs\xml-apis-1.4.01.jar;D:\softwares\Testing\eclipse-jee-kepler-SR1-win32-x86_64 (1)\eclipse\plugins\org.junit_4.11.0.v201303080030\junit.jar;D:\softwares\Testing\eclipse-jee-kepler-SR1-win32-x86_64 (1)\eclipse\plugins\org.hamcrest.core_1.3.0.v201303031735.jar;D:\softwares\Testing\eclipse-jee-kepler-SR1-win32-x86_64 (1)\eclipse\plugins\org.apache.ant_1.8.4.v201303080030\lib\ant-launcher.jar;D:\softwares\Testing\eclipse-jee-kepler-SR1-win32-x86_64 (1)\eclipse\plugins\org.apache.ant_1.8.4.v201303080030\lib\ant.jar;D:\softwares\Testing\eclipse-jee-kepler-SR1-win32-x86_64 (1)\eclipse\plugins\org.apache.ant_1.8.4.v201303080030\lib\ant-junit.jar;D:\softwares\Testing\eclipse-jee-kepler-SR1-win32-x86_64 (1)\eclipse\plugins\org.apache.ant_1.8.4.v201303080030\lib\ant-junit4.jar" />
    <property name="java.vm.specification.name" value="Java Virtual Machine Specification" />
    <property name="env.windir" value="C:\Windows" />
    <property name="env.LOGONSERVER" value="\\SAI" />
    <property name="env.PROCESSOR_ARCHITECTURE" value="x86" />
    <property name="java.vm.specification.version" value="1.0" />
    <property name="ant.file.JenkinsDemo" value="C:\Users\Administrator\workspace\Nov2014\JenkinsDemo\build.xml" />
    <property name="sun.os.patch.level" value="" />
    <property name="sun.cpu.endian" value="little" />
    <property name="debuglevel" value="source,lines,vars" />
    <property name="env.ANT_HOME" value="D:\softwares\Testing\eclipse-jee-kepler-SR1-win32-x86_64 (1)\eclipse\plugins\org.apache.ant_1.8.4.v201303080030" />
    <property name="env.ProgramFiles" value="C:\Program Files (x86)" />
    <property name="eclipse.pdebuild.home" value="/D:/softwares/Testing/eclipse-jee-kepler-SR1-win32-x86_64 (1)/eclipse/plugins/org.eclipse.pde.build_3.8.100.v20130514-1028/./" />
    <property name="java.io.tmpdir" value="C:\Users\ADMINI~1\AppData\Local\Temp\" />
    <property name="env.PROCESSOR_REVISION" value="170a" />
    <property name="env.CommonProgramFiles(x86)" value="C:\Program Files (x86)\Common Files" />
    <property name="env.VBOX_INSTALL_PATH" value="C:\Program Files\Oracle\VirtualBox\" />
    <property name="java.vendor.url.bug" value="http://java.sun.com/cgi-bin/bugreport.cgi" />
    <property name="env.SystemRoot" value="C:\Windows" />
    <property name="java.awt.graphicsenv" value="sun.awt.Win32GraphicsEnvironment" />
    <property name="os.arch" value="x86" />
    <property name="java.ext.dirs" value="C:\Program Files (x86)\Java\jre6\lib\ext;C:\Windows\Sun\Java\lib\ext" />
    <property name="user.dir" value="C:\Users\Administrator\workspace\Nov2014\JenkinsDemo" />
    <property name="env.LOCALAPPDATA" value="C:\Users\Administrator\AppData\Local" />
    <property name="line.separator" value="&#xd;&#xa;" />
    <property name="java.vm.name" value="Java HotSpot(TM) Client VM" />
    <property name="env.PATHEXT" value=".COM;.EXE;.BAT;.CMD;.VBS;.VBE;.JS;.JSE;.WSF;.WSH;.MSC" />
    <property name="env.Path" value="C:\Perl64\site\bin;C:\Perl64\bin;C:\Windows\system32;C:\Windows;C:\Windows\System32\Wbem;C:\Windows\System32\WindowsPowerShell\v1.0\;C:\Program Files (x86)\Microsoft ASP.NET\ASP.NET Web Pages\v1.0\;C:\Program Files (x86)\Windows Kits\8.0\Windows Performance Toolkit\;C:\Program Files\Microsoft SQL Server\110\Tools\Binn\;C:\Program Files (x86)\VisualSVN Server\bin;C:\Program Files\TortoiseSVN\bin;C:\ANT\bin;C:\Program Files\Microsoft\Web Platform Installer\;C:\cygwin64\bin;C:\cygwin64;C:\Program Files\Java\jdk1.8.0_05\bin;C:\Program Files (x86)\nodejs\;C:\Program Files (x86)\Sikuli X\libs;C:\Program Files (x86)\Java\jre6\\bin;C:\Users\Administrator\AppData\Roaming\npm" />
    <property name="basedir" value="C:\Users\Administrator\workspace\Nov2014\JenkinsDemo" />
    <property name="env.VISUALSVN_SERVER" value="C:\Program Files (x86)\VisualSVN Server\" />
    <property name="ant.java.version" value="1.6" />
    <property name="ant.core.lib" value="D:\softwares\Testing\eclipse-jee-kepler-SR1-win32-x86_64 (1)\eclipse\plugins\org.apache.ant_1.8.4.v201303080030\lib\ant.jar" />
    <property name="env.USERNAME" value="Administrator" />
    <property name="source" value="1.6" />
    <property name="env.SystemDrive" value="C:" />
    <property name="file.encoding" value="Cp1252" />
    <property name="env.USERDOMAIN" value="sai" />
    <property name="ant.file.type.JenkinsDemo" value="file" />
    <property name="java.specification.version" value="1.6" />
    <property name="ant.project.invoked-targets" value="build,GmailAutomation.test,GmailAutomation,junitreport" />
    <property name="env.PROCESSOR_LEVEL" value="6" />
    <property name="env.JAVA_PATH" value="C:\Program Files\Java\jdk1.8.0_05\bin;" />
  </properties>
  <testcase classname="com.test.automation.JenkinsDemo.GmailAutomation" name="test" time="21.593" />
  <system-out><![CDATA[Finally done
]]></system-out>
  <system-err><![CDATA[]]></system-err>
</testsuite>
